<?xml version="1.0" encoding="UTF-8"?>
<!-- Generated by org.testng.reporters.JUnitReportReporter -->
<testsuite name="com.jenkins.praneeth.Jenkins_Test2" tests="1" time="19.656" ignored="0" failures="0" timestamp="20 Nov 2017 23:58:37 GMT" skipped="0" hostname="Praneeth" errors="0">
  <testcase name="method1" time="19.656" classname="com.jenkins.praneeth.Jenkins_Test2"/>
</testsuite> <!-- com.jenkins.praneeth.Jenkins_Test2 -->
