<?xml version="1.0" encoding="UTF-8"?>
<!-- Generated by org.testng.reporters.JUnitReportReporter -->
<testsuite name="com.jenkins.praneeth.Jenkins_Test1" tests="1" time="18.379" ignored="0" failures="0" timestamp="21 Nov 2017 17:55:43 GMT" skipped="0" hostname="Praneeth" errors="0">
  <testcase name="method1" time="18.379" classname="com.jenkins.praneeth.Jenkins_Test1"/>
</testsuite> <!-- com.jenkins.praneeth.Jenkins_Test1 -->
